
2024/02/28 (16:00:30) | ===> btop++ v.1.3.2
2024/02/28 (16:00:30) | WARNING: NVML: Failed to get maximum GPU power draw, defaulting to 225W: Not Supported
2024/02/28 (16:00:30) | WARNING: NVML: Failed to get GPU power usage: Not Supported

2024/02/28 (16:03:18) | ===> btop++ v.1.3.2
2024/02/28 (16:03:18) | WARNING: NVML: Failed to get maximum GPU power draw, defaulting to 225W: Not Supported
2024/02/28 (16:03:18) | WARNING: NVML: Failed to get GPU power usage: Not Supported

2024/02/28 (16:09:46) | ===> btop++ v.1.3.2
2024/02/28 (16:09:46) | WARNING: NVML: Failed to get maximum GPU power draw, defaulting to 225W: Not Supported
2024/02/28 (16:09:46) | WARNING: NVML: Failed to get GPU power usage: Not Supported
2024/02/28 (16:15:32) | INFO: Logger set to INFO
2024/02/28 (16:15:33) | INFO: Logger set to DEBUG

2024/02/28 (16:19:03) | ===> btop++ v.1.3.2
2024/02/28 (16:19:03) | WARNING: NVML: Failed to get maximum GPU power draw, defaulting to 225W: Not Supported
2024/02/28 (16:19:03) | WARNING: NVML: Failed to get GPU power usage: Not Supported

2024/02/28 (16:20:14) | ===> btop++ v.1.3.2
2024/02/28 (16:20:14) | WARNING: NVML: Failed to get maximum GPU power draw, defaulting to 225W: Not Supported
2024/02/28 (16:20:14) | WARNING: NVML: Failed to get GPU power usage: Not Supported

2024/02/28 (21:30:30) | ===> btop++ v.1.3.2
2024/02/28 (21:30:30) | WARNING: NVML: Failed to get maximum GPU power draw, defaulting to 225W: Not Supported
2024/02/28 (21:30:30) | WARNING: NVML: Failed to get GPU power usage: Not Supported

2024/03/04 (11:36:15) | ===> btop++ v.1.3.2
2024/03/04 (11:36:15) | WARNING: NVML: Failed to get maximum GPU power draw, defaulting to 225W: Not Supported
2024/03/04 (11:36:15) | WARNING: NVML: Failed to get GPU power usage: Not Supported

2024/07/02 (10:19:51) | ===> btop++ v.1.3.2
2024/07/02 (10:19:51) | WARNING: NVML: Failed to get maximum GPU power draw, defaulting to 225W: Not Supported
2024/07/02 (10:19:51) | WARNING: NVML: Failed to get GPU power usage: Not Supported

2024/07/20 (14:14:29) | ===> btop++ v.1.3.2
2024/07/20 (14:14:29) | WARNING: NVML: Failed to get maximum GPU power draw, defaulting to 225W: Not Supported
2024/07/20 (14:14:29) | WARNING: NVML: Failed to get GPU power usage: Not Supported

2024/07/28 (18:02:06) | ===> btop++ v.1.3.2
2024/07/28 (18:02:06) | WARNING: NVML: Failed to get maximum GPU power draw, defaulting to 225W: Not Supported
2024/07/28 (18:02:06) | WARNING: NVML: Failed to get GPU power usage: Not Supported

2024/08/03 (18:30:01) | ===> btop++ v.1.3.2
2024/08/03 (18:30:01) | WARNING: NVML: Failed to get maximum GPU power draw, defaulting to 225W: Not Supported
2024/08/03 (18:30:01) | WARNING: NVML: Failed to get GPU power usage: Not Supported

2024/09/10 (23:42:36) | ===> btop++ v.1.3.2
2024/09/10 (23:42:36) | WARNING: ROCm SMI: Failed to get device name
2024/09/10 (23:42:36) | WARNING: ROCm SMI: Failed to get maximum GPU temperature, defaulting to 110°C
2024/09/10 (23:42:36) | WARNING: ROCm SMI: Failed to get PCIe throughput
2024/09/10 (23:42:36) | WARNING: ROCm SMI: Failed to get maximum GPU power draw, defaulting to 225W
2024/09/10 (23:42:36) | WARNING: ROCm SMI: Failed to get maximum GPU temperature, defaulting to 110°C
2024/09/10 (23:42:36) | WARNING: ROCm SMI: Failed to get VRAM utilization
2024/09/10 (23:42:36) | WARNING: ROCm SMI: Failed to get GPU power usage
2024/09/10 (23:42:36) | WARNING: ROCm SMI: Failed to get PCIe throughput

2024/09/28 (19:24:19) | ===> btop++ v.1.3.2
2024/09/28 (19:24:19) | WARNING: ROCm SMI: Failed to get device name
2024/09/28 (19:24:19) | WARNING: ROCm SMI: Failed to get maximum GPU temperature, defaulting to 110°C
2024/09/28 (19:24:19) | WARNING: ROCm SMI: Failed to get PCIe throughput
2024/09/28 (19:24:19) | WARNING: ROCm SMI: Failed to get maximum GPU power draw, defaulting to 225W
2024/09/28 (19:24:19) | WARNING: ROCm SMI: Failed to get maximum GPU temperature, defaulting to 110°C
2024/09/28 (19:24:19) | WARNING: ROCm SMI: Failed to get VRAM utilization
2024/09/28 (19:24:19) | WARNING: ROCm SMI: Failed to get GPU power usage
2024/09/28 (19:24:19) | WARNING: ROCm SMI: Failed to get PCIe throughput

2024/10/03 (16:15:22) | ===> btop++ v.1.3.2
2024/10/03 (16:15:22) | WARNING: ROCm SMI: Failed to get device name
2024/10/03 (16:15:22) | WARNING: ROCm SMI: Failed to get maximum GPU temperature, defaulting to 110°C
2024/10/03 (16:15:22) | WARNING: ROCm SMI: Failed to get PCIe throughput
2024/10/03 (16:15:22) | WARNING: ROCm SMI: Failed to get maximum GPU power draw, defaulting to 225W
2024/10/03 (16:15:22) | WARNING: ROCm SMI: Failed to get maximum GPU temperature, defaulting to 110°C
2024/10/03 (16:15:22) | WARNING: ROCm SMI: Failed to get VRAM utilization
2024/10/03 (16:15:22) | WARNING: ROCm SMI: Failed to get GPU power usage
2024/10/03 (16:15:22) | WARNING: ROCm SMI: Failed to get PCIe throughput

2024/10/30 (19:52:48) | ===> btop++ v.1.3.2
2024/10/30 (19:52:48) | WARNING: ROCm SMI: Failed to get device name
2024/10/30 (19:52:48) | WARNING: ROCm SMI: Failed to get maximum GPU temperature, defaulting to 110°C
2024/10/30 (19:52:48) | WARNING: ROCm SMI: Failed to get PCIe throughput
2024/10/30 (19:52:48) | WARNING: ROCm SMI: Failed to get maximum GPU power draw, defaulting to 225W
2024/10/30 (19:52:48) | WARNING: ROCm SMI: Failed to get maximum GPU temperature, defaulting to 110°C
2024/10/30 (19:52:48) | WARNING: ROCm SMI: Failed to get VRAM utilization
2024/10/30 (19:52:48) | WARNING: ROCm SMI: Failed to get GPU power usage
2024/10/30 (19:52:48) | WARNING: ROCm SMI: Failed to get PCIe throughput

2024/11/07 (13:01:38) | ===> btop++ v.1.3.2
2024/11/07 (13:01:38) | WARNING: ROCm SMI: Failed to get device name
2024/11/07 (13:01:38) | WARNING: ROCm SMI: Failed to get maximum GPU temperature, defaulting to 110°C
2024/11/07 (13:01:38) | WARNING: ROCm SMI: Failed to get PCIe throughput
2024/11/07 (13:01:38) | WARNING: ROCm SMI: Failed to get maximum GPU power draw, defaulting to 225W
2024/11/07 (13:01:38) | WARNING: ROCm SMI: Failed to get maximum GPU temperature, defaulting to 110°C
2024/11/07 (13:01:38) | WARNING: ROCm SMI: Failed to get VRAM utilization
2024/11/07 (13:01:38) | WARNING: ROCm SMI: Failed to get GPU power usage
2024/11/07 (13:01:38) | WARNING: ROCm SMI: Failed to get PCIe throughput

2024/11/07 (13:38:43) | ===> btop++ v.1.3.2
2024/11/07 (13:38:43) | WARNING: ROCm SMI: Failed to get device name
2024/11/07 (13:38:43) | WARNING: ROCm SMI: Failed to get maximum GPU temperature, defaulting to 110°C
2024/11/07 (13:38:43) | WARNING: ROCm SMI: Failed to get PCIe throughput
2024/11/07 (13:38:43) | WARNING: ROCm SMI: Failed to get maximum GPU power draw, defaulting to 225W
2024/11/07 (13:38:43) | WARNING: ROCm SMI: Failed to get maximum GPU temperature, defaulting to 110°C
2024/11/07 (13:38:43) | WARNING: ROCm SMI: Failed to get VRAM utilization
2024/11/07 (13:38:43) | WARNING: ROCm SMI: Failed to get GPU power usage
2024/11/07 (13:38:43) | WARNING: ROCm SMI: Failed to get PCIe throughput

2024/11/12 (20:49:28) | ===> btop++ v.1.3.2
2024/11/12 (20:49:28) | WARNING: ROCm SMI: Failed to get device name
2024/11/12 (20:49:28) | WARNING: ROCm SMI: Failed to get maximum GPU temperature, defaulting to 110°C
2024/11/12 (20:49:28) | WARNING: ROCm SMI: Failed to get PCIe throughput
2024/11/12 (20:49:28) | WARNING: ROCm SMI: Failed to get maximum GPU power draw, defaulting to 225W
2024/11/12 (20:49:28) | WARNING: ROCm SMI: Failed to get maximum GPU temperature, defaulting to 110°C
2024/11/12 (20:49:28) | WARNING: ROCm SMI: Failed to get VRAM utilization
2024/11/12 (20:49:28) | WARNING: ROCm SMI: Failed to get GPU power usage
2024/11/12 (20:49:28) | WARNING: ROCm SMI: Failed to get PCIe throughput

2024/11/13 (19:24:39) | ===> btop++ v.1.3.2
2024/11/13 (19:24:39) | WARNING: ROCm SMI: Failed to get device name
2024/11/13 (19:24:39) | WARNING: ROCm SMI: Failed to get maximum GPU temperature, defaulting to 110°C
2024/11/13 (19:24:39) | WARNING: ROCm SMI: Failed to get PCIe throughput
2024/11/13 (19:24:39) | WARNING: ROCm SMI: Failed to get maximum GPU power draw, defaulting to 225W
2024/11/13 (19:24:39) | WARNING: ROCm SMI: Failed to get maximum GPU temperature, defaulting to 110°C
2024/11/13 (19:24:39) | WARNING: ROCm SMI: Failed to get VRAM utilization
2024/11/13 (19:24:39) | WARNING: ROCm SMI: Failed to get GPU power usage
2024/11/13 (19:24:39) | WARNING: ROCm SMI: Failed to get PCIe throughput

2024/11/13 (19:30:45) | ===> btop++ v.1.3.2
2024/11/13 (19:30:45) | WARNING: ROCm SMI: Failed to get device name
2024/11/13 (19:30:45) | WARNING: ROCm SMI: Failed to get maximum GPU temperature, defaulting to 110°C
2024/11/13 (19:30:45) | WARNING: ROCm SMI: Failed to get PCIe throughput
2024/11/13 (19:30:45) | WARNING: ROCm SMI: Failed to get maximum GPU power draw, defaulting to 225W
2024/11/13 (19:30:45) | WARNING: ROCm SMI: Failed to get maximum GPU temperature, defaulting to 110°C
2024/11/13 (19:30:45) | WARNING: ROCm SMI: Failed to get VRAM utilization
2024/11/13 (19:30:45) | WARNING: ROCm SMI: Failed to get GPU power usage
2024/11/13 (19:30:45) | WARNING: ROCm SMI: Failed to get PCIe throughput

2024/11/13 (19:31:36) | ===> btop++ v.1.3.2
2024/11/13 (19:31:36) | WARNING: ROCm SMI: Failed to get device name
2024/11/13 (19:31:36) | WARNING: ROCm SMI: Failed to get maximum GPU temperature, defaulting to 110°C
2024/11/13 (19:31:36) | WARNING: ROCm SMI: Failed to get PCIe throughput
2024/11/13 (19:31:36) | WARNING: ROCm SMI: Failed to get maximum GPU power draw, defaulting to 225W
2024/11/13 (19:31:36) | WARNING: ROCm SMI: Failed to get maximum GPU temperature, defaulting to 110°C
2024/11/13 (19:31:36) | WARNING: ROCm SMI: Failed to get VRAM utilization
2024/11/13 (19:31:36) | WARNING: ROCm SMI: Failed to get GPU power usage
2024/11/13 (19:31:36) | WARNING: ROCm SMI: Failed to get PCIe throughput

2024/11/13 (19:33:30) | ===> btop++ v.1.3.2
2024/11/13 (19:33:30) | WARNING: ROCm SMI: Failed to get device name
2024/11/13 (19:33:30) | WARNING: ROCm SMI: Failed to get maximum GPU temperature, defaulting to 110°C
2024/11/13 (19:33:30) | WARNING: ROCm SMI: Failed to get PCIe throughput
2024/11/13 (19:33:30) | WARNING: ROCm SMI: Failed to get maximum GPU power draw, defaulting to 225W
2024/11/13 (19:33:30) | WARNING: ROCm SMI: Failed to get maximum GPU temperature, defaulting to 110°C
2024/11/13 (19:33:30) | WARNING: ROCm SMI: Failed to get VRAM utilization
2024/11/13 (19:33:30) | WARNING: ROCm SMI: Failed to get GPU power usage
2024/11/13 (19:33:30) | WARNING: ROCm SMI: Failed to get PCIe throughput

2024/11/14 (22:10:12) | ===> btop++ v.1.3.2
2024/11/14 (22:10:12) | WARNING: ROCm SMI: Failed to get device name
2024/11/14 (22:10:12) | WARNING: ROCm SMI: Failed to get maximum GPU temperature, defaulting to 110°C
2024/11/14 (22:10:12) | WARNING: ROCm SMI: Failed to get PCIe throughput
2024/11/14 (22:10:12) | WARNING: ROCm SMI: Failed to get maximum GPU power draw, defaulting to 225W
2024/11/14 (22:10:12) | WARNING: ROCm SMI: Failed to get maximum GPU temperature, defaulting to 110°C
2024/11/14 (22:10:12) | WARNING: ROCm SMI: Failed to get VRAM utilization
2024/11/14 (22:10:12) | WARNING: ROCm SMI: Failed to get GPU power usage
2024/11/14 (22:10:12) | WARNING: ROCm SMI: Failed to get PCIe throughput

2024/11/28 (22:49:26) | ===> btop++ v.1.3.2
2024/11/28 (22:49:26) | WARNING: ROCm SMI: Failed to get device name
2024/11/28 (22:49:26) | WARNING: ROCm SMI: Failed to get maximum GPU temperature, defaulting to 110°C
2024/11/28 (22:49:26) | WARNING: ROCm SMI: Failed to get PCIe throughput
2024/11/28 (22:49:26) | WARNING: ROCm SMI: Failed to get maximum GPU power draw, defaulting to 225W
2024/11/28 (22:49:26) | WARNING: ROCm SMI: Failed to get maximum GPU temperature, defaulting to 110°C
2024/11/28 (22:49:26) | WARNING: ROCm SMI: Failed to get VRAM utilization
2024/11/28 (22:49:26) | WARNING: ROCm SMI: Failed to get GPU power usage
2024/11/28 (22:49:26) | WARNING: ROCm SMI: Failed to get PCIe throughput

2024/12/02 (16:04:41) | ===> btop++ v.1.3.2
2024/12/02 (16:04:41) | WARNING: ROCm SMI: Failed to get device name
2024/12/02 (16:04:41) | WARNING: ROCm SMI: Failed to get maximum GPU temperature, defaulting to 110°C
2024/12/02 (16:04:41) | WARNING: ROCm SMI: Failed to get PCIe throughput
2024/12/02 (16:04:41) | WARNING: ROCm SMI: Failed to get maximum GPU power draw, defaulting to 225W
2024/12/02 (16:04:41) | WARNING: ROCm SMI: Failed to get maximum GPU temperature, defaulting to 110°C
2024/12/02 (16:04:41) | WARNING: ROCm SMI: Failed to get VRAM utilization
2024/12/02 (16:04:41) | WARNING: ROCm SMI: Failed to get GPU power usage
2024/12/02 (16:04:41) | WARNING: ROCm SMI: Failed to get PCIe throughput
